<?xml version="1.0" encoding="UTF-8"?>
<testng-results ignored="0" total="3" passed="2" failed="1" skipped="0">
  <reporter-output>
  </reporter-output>
  <suite started-at="2025-07-03T23:27:14 EDT" name="Suite" finished-at="2025-07-03T23:28:18 EDT" duration-ms="63712">
    <groups>
      <group name="cucumber">
        <method signature="AbstractTestNGCucumberTests.runScenario(io.cucumber.testng.PickleWrapper, io.cucumber.testng.FeatureWrapper)[pri:0, instance:org.healthfirst.runner.RegrassionQA@5fbdfdcf]" name="runScenario" class="io.cucumber.testng.AbstractTestNGCucumberTests"/>
      </group> <!-- cucumber -->
    </groups>
    <test started-at="2025-07-03T23:27:14 EDT" name="Test" finished-at="2025-07-03T23:28:18 EDT" duration-ms="63712">
      <class name="org.healthfirst.runner.RegrassionQA">
        <test-method is-config="true" signature="beforeSuite()[pri:0, instance:org.healthfirst.runner.RegrassionQA@5fbdfdcf]" started-at="2025-07-03T23:27:14 EDT" name="beforeSuite" finished-at="2025-07-03T23:27:14 EDT" duration-ms="10" status="PASS">
          <reporter-output>
          </reporter-output>
        </test-method> <!-- beforeSuite -->
        <test-method is-config="true" signature="setUpClass()[pri:0, instance:org.healthfirst.runner.RegrassionQA@5fbdfdcf]" started-at="2025-07-03T23:27:14 EDT" name="setUpClass" finished-at="2025-07-03T23:27:14 EDT" duration-ms="280" status="PASS">
          <reporter-output>
          </reporter-output>
        </test-method> <!-- setUpClass -->
        <test-method signature="runScenario(io.cucumber.testng.PickleWrapper, io.cucumber.testng.FeatureWrapper)[pri:0, instance:org.healthfirst.runner.RegrassionQA@5fbdfdcf]" started-at="2025-07-03T23:27:14 EDT" name="runScenario" description="Runs Cucumber Scenarios" data-provider="scenarios" finished-at="2025-07-03T23:27:23 EDT" duration-ms="8954" status="PASS">
          <params>
            <param index="0">
              <value>
                <![CDATA["Should be able to verify Member Portal Page Title"]]>
              </value>
            </param>
            <param index="1">
              <value>
                <![CDATA["MemberPortalPage Title verification"]]>
              </value>
            </param>
          </params>
          <reporter-output>
          </reporter-output>
        </test-method> <!-- runScenario -->
        <test-method signature="runScenario(io.cucumber.testng.PickleWrapper, io.cucumber.testng.FeatureWrapper)[pri:0, instance:org.healthfirst.runner.RegrassionQA@5fbdfdcf]" started-at="2025-07-03T23:27:23 EDT" name="runScenario" description="Runs Cucumber Scenarios" data-provider="scenarios" finished-at="2025-07-03T23:27:29 EDT" duration-ms="5952" status="PASS">
          <params>
            <param index="0">
              <value>
                <![CDATA["Should be able to verify Member logged portal title"]]>
              </value>
            </param>
            <param index="1">
              <value>
                <![CDATA["Member Login Verification"]]>
              </value>
            </param>
          </params>
          <reporter-output>
          </reporter-output>
        </test-method> <!-- runScenario -->
        <test-method signature="runScenario(io.cucumber.testng.PickleWrapper, io.cucumber.testng.FeatureWrapper)[pri:0, instance:org.healthfirst.runner.RegrassionQA@5fbdfdcf]" started-at="2025-07-03T23:27:29 EDT" name="runScenario" description="Runs Cucumber Scenarios" data-provider="scenarios" finished-at="2025-07-03T23:28:16 EDT" duration-ms="46910" status="FAIL">
          <params>
            <param index="0">
              <value>
                <![CDATA["Should be able to verify the title once Member is logged in"]]>
              </value>
            </param>
            <param index="1">
              <value>
                <![CDATA["Member Login Verification"]]>
              </value>
            </param>
          </params>
          <exception class="org.openqa.selenium.NoSuchElementException">
            <message>
              <![CDATA[no such element: Unable to locate element: {"method":"xpath","selector":"//*[@id="ReactAppWrapper-wide"]/div[4]/div/div[4]/div/div/div[3]/div"}
  (Session info: chrome=138.0.7204.97)
For documentation on this error, please visit: https://www.seleniumhq.org/exceptions/no_such_element.html
Build info: version: '3.141.59', revision: 'e82be7d358', time: '2018-11-14T08:17:03'
System info: host: 'MHK', ip: '192.168.12.101', os.name: 'Windows 11', os.arch: 'amd64', os.version: '10.0', java.version: '17.0.7'
Driver info: org.openqa.selenium.chrome.ChromeDriver
Capabilities {acceptInsecureCerts: false, browserName: chrome, browserVersion: 138.0.7204.97, chrome: {chromedriverVersion: 138.0.7204.92 (f079b9bc781e..., userDataDir: C:\Users\mahmu\AppData\Loca...}, fedcm:accounts: true, goog:chromeOptions: {debuggerAddress: localhost:65302}, javascriptEnabled: true, networkConnectionEnabled: false, pageLoadStrategy: normal, platform: WINDOWS, platformName: WINDOWS, proxy: Proxy(), setWindowRect: true, strictFileInteractability: false, timeouts: {implicit: 0, pageLoad: 300000, script: 30000}, unhandledPromptBehavior: dismiss and notify, webauthn:extension:credBlob: true, webauthn:extension:largeBlob: true, webauthn:extension:minPinLength: true, webauthn:extension:prf: true, webauthn:virtualAuthenticators: true}
Session ID: a058410f784549200cbb7d54fe2a3bd9
*** Element info: {Using=xpath, value=//*[@id="ReactAppWrapper-wide"]/div[4]/div/div[4]/div/div/div[3]/div}]]>
            </message>
            <full-stacktrace>
              <![CDATA[org.openqa.selenium.NoSuchElementException: no such element: Unable to locate element: {"method":"xpath","selector":"//*[@id="ReactAppWrapper-wide"]/div[4]/div/div[4]/div/div/div[3]/div"}
  (Session info: chrome=138.0.7204.97)
For documentation on this error, please visit: https://www.seleniumhq.org/exceptions/no_such_element.html
Build info: version: '3.141.59', revision: 'e82be7d358', time: '2018-11-14T08:17:03'
System info: host: 'MHK', ip: '192.168.12.101', os.name: 'Windows 11', os.arch: 'amd64', os.version: '10.0', java.version: '17.0.7'
Driver info: org.openqa.selenium.chrome.ChromeDriver
Capabilities {acceptInsecureCerts: false, browserName: chrome, browserVersion: 138.0.7204.97, chrome: {chromedriverVersion: 138.0.7204.92 (f079b9bc781e..., userDataDir: C:\Users\mahmu\AppData\Loca...}, fedcm:accounts: true, goog:chromeOptions: {debuggerAddress: localhost:65302}, javascriptEnabled: true, networkConnectionEnabled: false, pageLoadStrategy: normal, platform: WINDOWS, platformName: WINDOWS, proxy: Proxy(), setWindowRect: true, strictFileInteractability: false, timeouts: {implicit: 0, pageLoad: 300000, script: 30000}, unhandledPromptBehavior: dismiss and notify, webauthn:extension:credBlob: true, webauthn:extension:largeBlob: true, webauthn:extension:minPinLength: true, webauthn:extension:prf: true, webauthn:virtualAuthenticators: true}
Session ID: a058410f784549200cbb7d54fe2a3bd9
*** Element info: {Using=xpath, value=//*[@id="ReactAppWrapper-wide"]/div[4]/div/div[4]/div/div/div[3]/div}
at java.base/jdk.internal.reflect.NativeConstructorAccessorImpl.newInstance0(Native Method)
at java.base/jdk.internal.reflect.NativeConstructorAccessorImpl.newInstance(NativeConstructorAccessorImpl.java:77)
at java.base/jdk.internal.reflect.DelegatingConstructorAccessorImpl.newInstance(DelegatingConstructorAccessorImpl.java:45)
at java.base/java.lang.reflect.Constructor.newInstanceWithCaller(Constructor.java:499)
at java.base/java.lang.reflect.Constructor.newInstance(Constructor.java:480)
at org.openqa.selenium.remote.http.W3CHttpResponseCodec.createException(W3CHttpResponseCodec.java:187)
at org.openqa.selenium.remote.http.W3CHttpResponseCodec.decode(W3CHttpResponseCodec.java:122)
at org.openqa.selenium.remote.http.W3CHttpResponseCodec.decode(W3CHttpResponseCodec.java:49)
at org.openqa.selenium.remote.HttpCommandExecutor.execute(HttpCommandExecutor.java:158)
at org.openqa.selenium.remote.service.DriverCommandExecutor.execute(DriverCommandExecutor.java:83)
at org.openqa.selenium.remote.RemoteWebDriver.execute(RemoteWebDriver.java:552)
at org.openqa.selenium.remote.RemoteWebDriver.findElement(RemoteWebDriver.java:323)
at org.openqa.selenium.remote.RemoteWebDriver.findElementByXPath(RemoteWebDriver.java:428)
at org.openqa.selenium.By$ByXPath.findElement(By.java:353)
at org.openqa.selenium.remote.RemoteWebDriver.findElement(RemoteWebDriver.java:315)
at org.openqa.selenium.support.pagefactory.DefaultElementLocator.findElement(DefaultElementLocator.java:69)
at org.openqa.selenium.support.pagefactory.internal.LocatingElementHandler.invoke(LocatingElementHandler.java:38)
at jdk.proxy2/jdk.proxy2.$Proxy25.click(Unknown Source)
at org.healthfirst.pages.PortalLoginPage.popsUpDecline(PortalLoginPage.java:30)
at org.healthfirst.steps.HomePageStep.i_should_be_logged_in_successfully_with(HomePageStep.java:83)
at ✽.I should be logged in successfully with "mahak247","MmhK@2789"(file:///C:/Users/mahmu/OneDrive/Desktop/OSA0521202324A/eclipse-workspace/org.healthfirst/src/main/java/org/healthfirst/features/MemberLoginValidation.feature:13)
]]>
            </full-stacktrace>
          </exception> <!-- org.openqa.selenium.NoSuchElementException -->
          <reporter-output>
          </reporter-output>
        </test-method> <!-- runScenario -->
        <test-method is-config="true" signature="tearDownClass()[pri:0, instance:org.healthfirst.runner.RegrassionQA@5fbdfdcf]" started-at="2025-07-03T23:28:16 EDT" name="tearDownClass" finished-at="2025-07-03T23:28:18 EDT" duration-ms="1572" status="PASS">
          <reporter-output>
          </reporter-output>
        </test-method> <!-- tearDownClass -->
        <test-method is-config="true" signature="afterSuite()[pri:0, instance:org.healthfirst.runner.RegrassionQA@5fbdfdcf]" started-at="2025-07-03T23:28:18 EDT" name="afterSuite" finished-at="2025-07-03T23:28:18 EDT" duration-ms="0" status="PASS">
          <reporter-output>
          </reporter-output>
        </test-method> <!-- afterSuite -->
      </class> <!-- org.healthfirst.runner.RegrassionQA -->
    </test> <!-- Test -->
  </suite> <!-- Suite -->
</testng-results>
